\BOOKMARK [1][-]{section.1}{DECLARATION}{}% 1
\BOOKMARK [1][-]{section.2}{ABSTRACT}{}% 2
\BOOKMARK [1][-]{section.1}{Introduction}{}% 3
\BOOKMARK [2][-]{subsection.1.1}{Project Requirements}{section.1}% 4
\BOOKMARK [1][-]{section.2}{Literature Review}{}% 5
\BOOKMARK [2][-]{subsection.2.1}{Existing Solutions}{section.2}% 6
\BOOKMARK [2][-]{subsection.2.2}{Standards, Regulations and Policy}{section.2}% 7
\BOOKMARK [1][-]{section.3}{Project Framework}{}% 8
\BOOKMARK [2][-]{subsection.3.1}{Business Case:}{section.3}% 9
\BOOKMARK [2][-]{subsection.3.2}{Scope of the Application:}{section.3}% 10
\BOOKMARK [2][-]{subsection.3.3}{Project Requirements}{section.3}% 11
\BOOKMARK [2][-]{subsection.3.4}{Project Constraints}{section.3}% 12
\BOOKMARK [2][-]{subsection.3.5}{Project Assumptions}{section.3}% 13
\BOOKMARK [2][-]{subsection.3.6}{Success Criteria}{section.3}% 14
\BOOKMARK [3][-]{subsubsection.3.6.1}{For the users}{subsection.3.6}% 15
\BOOKMARK [3][-]{subsubsection.3.6.2}{For the project}{subsection.3.6}% 16
\BOOKMARK [2][-]{subsection.3.7}{Licensing Requirements}{section.3}% 17
\BOOKMARK [1][-]{section.4}{Project Execution}{}% 18
\BOOKMARK [2][-]{subsection.4.1}{Project Methodology}{section.4}% 19
\BOOKMARK [2][-]{subsection.4.2}{Sprints}{section.4}% 20
\BOOKMARK [2][-]{subsection.4.3}{Project Team}{section.4}% 21
\BOOKMARK [2][-]{subsection.4.4}{Project Estimation and Costing}{section.4}% 22
\BOOKMARK [2][-]{subsection.4.5}{Project Tools}{section.4}% 23
\BOOKMARK [2][-]{subsection.4.6}{Testing}{section.4}% 24
\BOOKMARK [1][-]{section.5}{Engineering the project solution}{}% 25
\BOOKMARK [2][-]{subsection.5.1}{Overall Architecture}{section.5}% 26
\BOOKMARK [2][-]{subsection.5.2}{Web Client}{section.5}% 27
\BOOKMARK [3][-]{subsubsection.5.2.1}{Reporting}{subsection.5.2}% 28
\BOOKMARK [2][-]{subsection.5.3}{Web Server}{section.5}% 29
\BOOKMARK [3][-]{subsubsection.5.3.1}{Database Design}{subsection.5.3}% 30
\BOOKMARK [2][-]{subsection.5.4}{Android Application}{section.5}% 31
\BOOKMARK [2][-]{subsection.5.5}{Licences used in solution}{section.5}% 32
\BOOKMARK [1][-]{section.6}{Overall Critical Analysis and Evaluation}{}% 33
\BOOKMARK [2][-]{subsection.6.1}{Critical Analysis}{section.6}% 34
\BOOKMARK [3][-]{subsubsection.6.1.1}{Project Execution}{subsection.6.1}% 35
\BOOKMARK [3][-]{subsubsection.6.1.2}{Project Solution}{subsection.6.1}% 36
\BOOKMARK [2][-]{subsection.6.2}{Estimates verses Actual effort}{section.6}% 37
\BOOKMARK [2][-]{subsection.6.3}{Economics and Cost Model}{section.6}% 38
\BOOKMARK [3][-]{subsubsection.6.3.1}{Licensing of Prototype}{subsection.6.3}% 39
\BOOKMARK [2][-]{subsection.6.4}{Evaluation of Output Solution}{section.6}% 40
\BOOKMARK [1][-]{section.7}{Future Work}{}% 41
\BOOKMARK [1][-]{section.8}{CONCLUSION}{}% 42
\BOOKMARK [1][-]{section*.4}{REFERENCES}{}% 43
\BOOKMARK [1][-]{section.1}{Appendix: Requirements Engineering Documentation}{}% 44
\BOOKMARK [2][-]{subsection.1.1}{Key Examples}{section.1}% 45
\BOOKMARK [2][-]{subsection.1.2}{Specification with Examples}{section.1}% 46
